[2026-05-02T19:18:39.329+0000] {manager.py:470} INFO - Processing files using up to 2 processes at a time 
[2026-05-02T19:18:39.331+0000] {manager.py:471} INFO - Process each file at most once every 30 seconds
[2026-05-02T19:18:39.333+0000] {manager.py:472} INFO - Checking for new files in /opt/airflow/dags every 300 seconds
[2026-05-02T19:18:39.334+0000] {manager.py:737} INFO - Searching for files in /opt/airflow/dags
[2026-05-02T19:18:39.341+0000] {manager.py:740} INFO - There are 0 files in /opt/airflow/dags
[2026-05-02T19:20:02.389+0000] {manager.py:452} INFO - Exiting gracefully upon receiving signal 15
[2026-05-02T19:20:15.810+0000] {manager.py:470} INFO - Processing files using up to 2 processes at a time 
[2026-05-02T19:20:15.812+0000] {manager.py:471} INFO - Process each file at most once every 30 seconds
[2026-05-02T19:20:15.813+0000] {manager.py:472} INFO - Checking for new files in /opt/airflow/dags every 300 seconds
[2026-05-02T19:20:15.815+0000] {manager.py:737} INFO - Searching for files in /opt/airflow/dags
[2026-05-02T19:20:15.822+0000] {manager.py:740} INFO - There are 0 files in /opt/airflow/dags
[2026-05-02T19:25:16.378+0000] {manager.py:737} INFO - Searching for files in /opt/airflow/dags
[2026-05-02T19:25:16.384+0000] {manager.py:740} INFO - There are 0 files in /opt/airflow/dags
[2026-05-02T19:30:16.984+0000] {manager.py:737} INFO - Searching for files in /opt/airflow/dags
[2026-05-02T19:30:16.989+0000] {manager.py:740} INFO - There are 0 files in /opt/airflow/dags
[2026-05-02T19:35:17.549+0000] {manager.py:737} INFO - Searching for files in /opt/airflow/dags
[2026-05-02T19:35:17.556+0000] {manager.py:740} INFO - There are 0 files in /opt/airflow/dags
[2026-05-02T19:40:18.028+0000] {manager.py:737} INFO - Searching for files in /opt/airflow/dags
[2026-05-02T19:40:18.034+0000] {manager.py:740} INFO - There are 0 files in /opt/airflow/dags
[2026-05-02T19:44:35.326+0000] {manager.py:452} INFO - Exiting gracefully upon receiving signal 15
[2026-05-03T20:08:54.009+0000] {manager.py:470} INFO - Processing files using up to 2 processes at a time 
[2026-05-03T20:08:54.011+0000] {manager.py:471} INFO - Process each file at most once every 30 seconds
[2026-05-03T20:08:54.012+0000] {manager.py:472} INFO - Checking for new files in /opt/airflow/dags every 300 seconds
[2026-05-03T20:08:54.013+0000] {manager.py:737} INFO - Searching for files in /opt/airflow/dags
[2026-05-03T20:08:54.018+0000] {manager.py:740} INFO - There are 0 files in /opt/airflow/dags
[2026-05-03T20:13:54.993+0000] {manager.py:737} INFO - Searching for files in /opt/airflow/dags
[2026-05-03T20:13:54.999+0000] {manager.py:740} INFO - There are 0 files in /opt/airflow/dags
[2026-05-03T20:18:55.690+0000] {manager.py:737} INFO - Searching for files in /opt/airflow/dags
[2026-05-03T20:18:55.696+0000] {manager.py:740} INFO - There are 0 files in /opt/airflow/dags
[2026-05-03T20:23:55.695+0000] {manager.py:737} INFO - Searching for files in /opt/airflow/dags
[2026-05-03T20:23:55.732+0000] {manager.py:740} INFO - There are 0 files in /opt/airflow/dags
[2026-05-03T20:28:56.426+0000] {manager.py:737} INFO - Searching for files in /opt/airflow/dags
[2026-05-03T20:28:56.432+0000] {manager.py:740} INFO - There are 0 files in /opt/airflow/dags
[2026-05-03T20:33:56.484+0000] {manager.py:737} INFO - Searching for files in /opt/airflow/dags
[2026-05-03T20:33:56.492+0000] {manager.py:740} INFO - There are 0 files in /opt/airflow/dags
[2026-05-03T20:37:37.760+0000] {manager.py:452} INFO - Exiting gracefully upon receiving signal 15
